CRITICAL - 2020-12-07 07:29:39 --> Call to undefined method CodeIgniter\View\View::extends()
#0 C:\xampp\htdocs\UtsWeb\system\View\View.php(246): include()
#1 C:\xampp\htdocs\UtsWeb\system\Common.php(1119): CodeIgniter\View\View->render('auth/index', Array, true)
#2 C:\xampp\htdocs\UtsWeb\app\Controllers\Auth.php(11): view('auth/index')
#3 C:\xampp\htdocs\UtsWeb\system\CodeIgniter.php(918): App\Controllers\Auth->index()
#4 C:\xampp\htdocs\UtsWeb\system\CodeIgniter.php(404): CodeIgniter\CodeIgniter->runController(Object(App\Controllers\Auth))
#5 C:\xampp\htdocs\UtsWeb\system\CodeIgniter.php(312): CodeIgniter\CodeIgniter->handleRequest(NULL, Object(Config\Cache), false)
#6 C:\xampp\htdocs\UtsWeb\public\index.php(45): CodeIgniter\CodeIgniter->run()
#7 C:\xampp\htdocs\UtsWeb\system\Commands\Server\rewrite.php(34): require_once('C:\\xampp\\htdocs...')
#8 {main}
CRITICAL - 2020-12-07 07:30:18 --> Call to undefined method CodeIgniter\View\View::extends()
#0 C:\xampp\htdocs\UtsWeb\system\View\View.php(246): include()
#1 C:\xampp\htdocs\UtsWeb\system\Common.php(1119): CodeIgniter\View\View->render('auth/index', Array, true)
#2 C:\xampp\htdocs\UtsWeb\app\Controllers\Auth.php(11): view('auth/index')
#3 C:\xampp\htdocs\UtsWeb\system\CodeIgniter.php(918): App\Controllers\Auth->index()
#4 C:\xampp\htdocs\UtsWeb\system\CodeIgniter.php(404): CodeIgniter\CodeIgniter->runController(Object(App\Controllers\Auth))
#5 C:\xampp\htdocs\UtsWeb\system\CodeIgniter.php(312): CodeIgniter\CodeIgniter->handleRequest(NULL, Object(Config\Cache), false)
#6 C:\xampp\htdocs\UtsWeb\public\index.php(45): CodeIgniter\CodeIgniter->run()
#7 C:\xampp\htdocs\UtsWeb\system\Commands\Server\rewrite.php(34): require_once('C:\\xampp\\htdocs...')
#8 {main}
CRITICAL - 2020-12-07 07:30:19 --> Call to undefined method CodeIgniter\View\View::extends()
#0 C:\xampp\htdocs\UtsWeb\system\View\View.php(246): include()
#1 C:\xampp\htdocs\UtsWeb\system\Common.php(1119): CodeIgniter\View\View->render('auth/index', Array, true)
#2 C:\xampp\htdocs\UtsWeb\app\Controllers\Auth.php(11): view('auth/index')
#3 C:\xampp\htdocs\UtsWeb\system\CodeIgniter.php(918): App\Controllers\Auth->index()
#4 C:\xampp\htdocs\UtsWeb\system\CodeIgniter.php(404): CodeIgniter\CodeIgniter->runController(Object(App\Controllers\Auth))
#5 C:\xampp\htdocs\UtsWeb\system\CodeIgniter.php(312): CodeIgniter\CodeIgniter->handleRequest(NULL, Object(Config\Cache), false)
#6 C:\xampp\htdocs\UtsWeb\public\index.php(45): CodeIgniter\CodeIgniter->run()
#7 C:\xampp\htdocs\UtsWeb\system\Commands\Server\rewrite.php(34): require_once('C:\\xampp\\htdocs...')
#8 {main}
CRITICAL - 2020-12-07 07:30:19 --> Call to undefined method CodeIgniter\View\View::extends()
#0 C:\xampp\htdocs\UtsWeb\system\View\View.php(246): include()
#1 C:\xampp\htdocs\UtsWeb\system\Common.php(1119): CodeIgniter\View\View->render('auth/index', Array, true)
#2 C:\xampp\htdocs\UtsWeb\app\Controllers\Auth.php(11): view('auth/index')
#3 C:\xampp\htdocs\UtsWeb\system\CodeIgniter.php(918): App\Controllers\Auth->index()
#4 C:\xampp\htdocs\UtsWeb\system\CodeIgniter.php(404): CodeIgniter\CodeIgniter->runController(Object(App\Controllers\Auth))
#5 C:\xampp\htdocs\UtsWeb\system\CodeIgniter.php(312): CodeIgniter\CodeIgniter->handleRequest(NULL, Object(Config\Cache), false)
#6 C:\xampp\htdocs\UtsWeb\public\index.php(45): CodeIgniter\CodeIgniter->run()
#7 C:\xampp\htdocs\UtsWeb\system\Commands\Server\rewrite.php(34): require_once('C:\\xampp\\htdocs...')
#8 {main}
CRITICAL - 2020-12-07 07:30:19 --> Call to undefined method CodeIgniter\View\View::extends()
#0 C:\xampp\htdocs\UtsWeb\system\View\View.php(246): include()
#1 C:\xampp\htdocs\UtsWeb\system\Common.php(1119): CodeIgniter\View\View->render('auth/index', Array, true)
#2 C:\xampp\htdocs\UtsWeb\app\Controllers\Auth.php(11): view('auth/index')
#3 C:\xampp\htdocs\UtsWeb\system\CodeIgniter.php(918): App\Controllers\Auth->index()
#4 C:\xampp\htdocs\UtsWeb\system\CodeIgniter.php(404): CodeIgniter\CodeIgniter->runController(Object(App\Controllers\Auth))
#5 C:\xampp\htdocs\UtsWeb\system\CodeIgniter.php(312): CodeIgniter\CodeIgniter->handleRequest(NULL, Object(Config\Cache), false)
#6 C:\xampp\htdocs\UtsWeb\public\index.php(45): CodeIgniter\CodeIgniter->run()
#7 C:\xampp\htdocs\UtsWeb\system\Commands\Server\rewrite.php(34): require_once('C:\\xampp\\htdocs...')
#8 {main}
CRITICAL - 2020-12-07 07:30:19 --> Call to undefined method CodeIgniter\View\View::extends()
#0 C:\xampp\htdocs\UtsWeb\system\View\View.php(246): include()
#1 C:\xampp\htdocs\UtsWeb\system\Common.php(1119): CodeIgniter\View\View->render('auth/index', Array, true)
#2 C:\xampp\htdocs\UtsWeb\app\Controllers\Auth.php(11): view('auth/index')
#3 C:\xampp\htdocs\UtsWeb\system\CodeIgniter.php(918): App\Controllers\Auth->index()
#4 C:\xampp\htdocs\UtsWeb\system\CodeIgniter.php(404): CodeIgniter\CodeIgniter->runController(Object(App\Controllers\Auth))
#5 C:\xampp\htdocs\UtsWeb\system\CodeIgniter.php(312): CodeIgniter\CodeIgniter->handleRequest(NULL, Object(Config\Cache), false)
#6 C:\xampp\htdocs\UtsWeb\public\index.php(45): CodeIgniter\CodeIgniter->run()
#7 C:\xampp\htdocs\UtsWeb\system\Commands\Server\rewrite.php(34): require_once('C:\\xampp\\htdocs...')
#8 {main}
CRITICAL - 2020-12-07 07:32:18 --> Call to undefined method CodeIgniter\View\View::extends()
#0 C:\xampp\htdocs\UtsWeb\system\View\View.php(246): include()
#1 C:\xampp\htdocs\UtsWeb\system\Common.php(1119): CodeIgniter\View\View->render('auth/index', Array, true)
#2 C:\xampp\htdocs\UtsWeb\app\Controllers\Auth.php(11): view('auth/index')
#3 C:\xampp\htdocs\UtsWeb\system\CodeIgniter.php(918): App\Controllers\Auth->index()
#4 C:\xampp\htdocs\UtsWeb\system\CodeIgniter.php(404): CodeIgniter\CodeIgniter->runController(Object(App\Controllers\Auth))
#5 C:\xampp\htdocs\UtsWeb\system\CodeIgniter.php(312): CodeIgniter\CodeIgniter->handleRequest(NULL, Object(Config\Cache), false)
#6 C:\xampp\htdocs\UtsWeb\public\index.php(45): CodeIgniter\CodeIgniter->run()
#7 C:\xampp\htdocs\UtsWeb\system\Commands\Server\rewrite.php(34): require_once('C:\\xampp\\htdocs...')
#8 {main}
CRITICAL - 2020-12-07 07:32:59 --> Call to undefined method CodeIgniter\View\View::extends()
#0 C:\xampp\htdocs\UtsWeb\system\View\View.php(246): include()
#1 C:\xampp\htdocs\UtsWeb\system\Common.php(1119): CodeIgniter\View\View->render('auth/index', Array, true)
#2 C:\xampp\htdocs\UtsWeb\app\Controllers\Auth.php(10): view('auth/index')
#3 C:\xampp\htdocs\UtsWeb\system\CodeIgniter.php(918): App\Controllers\Auth->index()
#4 C:\xampp\htdocs\UtsWeb\system\CodeIgniter.php(404): CodeIgniter\CodeIgniter->runController(Object(App\Controllers\Auth))
#5 C:\xampp\htdocs\UtsWeb\system\CodeIgniter.php(312): CodeIgniter\CodeIgniter->handleRequest(NULL, Object(Config\Cache), false)
#6 C:\xampp\htdocs\UtsWeb\public\index.php(45): CodeIgniter\CodeIgniter->run()
#7 C:\xampp\htdocs\UtsWeb\system\Commands\Server\rewrite.php(34): require_once('C:\\xampp\\htdocs...')
#8 {main}
CRITICAL - 2020-12-07 07:33:00 --> Call to undefined method CodeIgniter\View\View::extends()
#0 C:\xampp\htdocs\UtsWeb\system\View\View.php(246): include()
#1 C:\xampp\htdocs\UtsWeb\system\Common.php(1119): CodeIgniter\View\View->render('auth/index', Array, true)
#2 C:\xampp\htdocs\UtsWeb\app\Controllers\Auth.php(10): view('auth/index')
#3 C:\xampp\htdocs\UtsWeb\system\CodeIgniter.php(918): App\Controllers\Auth->index()
#4 C:\xampp\htdocs\UtsWeb\system\CodeIgniter.php(404): CodeIgniter\CodeIgniter->runController(Object(App\Controllers\Auth))
#5 C:\xampp\htdocs\UtsWeb\system\CodeIgniter.php(312): CodeIgniter\CodeIgniter->handleRequest(NULL, Object(Config\Cache), false)
#6 C:\xampp\htdocs\UtsWeb\public\index.php(45): CodeIgniter\CodeIgniter->run()
#7 C:\xampp\htdocs\UtsWeb\system\Commands\Server\rewrite.php(34): require_once('C:\\xampp\\htdocs...')
#8 {main}
CRITICAL - 2020-12-07 22:41:41 --> Undefined variable: krj
#0 C:\xampp\htdocs\UtsWeb\app\Views\keranjang\index.php(26): CodeIgniter\Debug\Exceptions->errorHandler(8, 'Undefined varia...', 'C:\\xampp\\htdocs...', 26, Array)
#1 C:\xampp\htdocs\UtsWeb\system\View\View.php(246): include('C:\\xampp\\htdocs...')
#2 C:\xampp\htdocs\UtsWeb\system\Common.php(1119): CodeIgniter\View\View->render('keranjang/index', Array, true)
#3 C:\xampp\htdocs\UtsWeb\app\Controllers\Keranjang.php(24): view('keranjang/index', Array)
#4 C:\xampp\htdocs\UtsWeb\system\CodeIgniter.php(918): App\Controllers\Keranjang->index()
#5 C:\xampp\htdocs\UtsWeb\system\CodeIgniter.php(404): CodeIgniter\CodeIgniter->runController(Object(App\Controllers\Keranjang))
#6 C:\xampp\htdocs\UtsWeb\system\CodeIgniter.php(312): CodeIgniter\CodeIgniter->handleRequest(NULL, Object(Config\Cache), false)
#7 C:\xampp\htdocs\UtsWeb\public\index.php(45): CodeIgniter\CodeIgniter->run()
#8 C:\xampp\htdocs\UtsWeb\system\Commands\Server\rewrite.php(34): require_once('C:\\xampp\\htdocs...')
#9 {main}
